<?xml version="1.0" encoding="UTF-8"?>
<!-- Generated by org.testng.reporters.JUnitXMLReporter -->
<testsuite ignored="0" hostname="TYSS-Mamatha" failures="1" tests="2" name="Test" time="0.049" errors="0" timestamp="2022-08-04T16:59:47 IST">
  <testcase classname="genericUtilities.DemoTestCase" name="demo" time="0.012">
    <failure type="java.lang.AssertionError" message="expected [true] but found [false]">
      <![CDATA[java.lang.AssertionError: expected [true] but found [false]
at genericUtilities.DemoTestCase.demo(DemoTestCase.java:14)
at java.base/java.util.ArrayList.forEach(ArrayList.java:1511)
... Removed 33 stack frames]]>
    </failure>
  </testcase> <!-- demo -->
  <testcase classname="genericUtilities.DemoTestCase" name="disp" time="0.001"/>
</testsuite> <!-- Test -->
