<?xml version="1.0" encoding="UTF-8"?>
<!-- Generated by org.testng.reporters.JUnitXMLReporter -->
<testsuite ignored="0" hostname="TYSS-Mamatha" failures="0" tests="4" name="Default test" time="19.948" errors="0" timestamp="2022-08-08T15:54:33 IST">
  <testcase classname="login.ReadingDataFromExcel_Test" name="readingData" time="0.949"/>
  <testcase classname="login.ReadingDataFromExcel_Test" name="readingData" time="0.769"/>
  <testcase classname="login.ReadingDataFromExcel_Test" name="readingData" time="0.761"/>
  <testcase classname="login.ReadingDataFromExcel_Test" name="readingData" time="0.727"/>
</testsuite> <!-- Default test -->
